<?xml version="1.0" encoding="UTF-8"?>
<!-- Generated by org.testng.reporters.JUnitReportReporter -->
<testsuite skipped="0" hostname="DESKTOP-P32QBNC" name="com.seleniumtest.tesNG.LoginHRM" tests="1" failures="0" timestamp="2021-04-04T16:06:41 IST" time="16.722" errors="0">
  <testcase name="Login" time="16.722" classname="com.seleniumtest.tesNG.LoginHRM"/>
  <system-out/>
</testsuite> <!-- com.seleniumtest.tesNG.LoginHRM -->
