<?xml version="1.0" encoding="UTF-8"?>
<!-- Generated by org.testng.reporters.JUnitReportReporter -->
<testsuite skipped="0" hostname="DESKTOP-P32QBNC" name="com.selenium.webobject.Code_For_Screenshot_10" tests="1" failures="0" timestamp="2021-04-18T16:51:59 IST" time="8.178" errors="0">
  <testcase name="Code_For_Screenshot" time="8.178" classname="com.selenium.webobject.Code_For_Screenshot_10"/>
  <system-out/>
</testsuite> <!-- com.selenium.webobject.Code_For_Screenshot_10 -->
