<?xml version="1.0" encoding="UTF-8"?>
<!-- Generated by org.testng.reporters.JUnitReportReporter -->
<testsuite skipped="0" hostname="DESKTOP-P32QBNC" name="com.selenium.datadriven.FD_DataDrivenTestCases" tests="1" failures="0" timestamp="2021-05-08T14:44:45 IST" time="51.517" errors="0">
  <testcase name="calculateFD_100000" time="51.517" classname="com.selenium.datadriven.FD_DataDrivenTestCases"/>
  <system-out/>
</testsuite> <!-- com.selenium.datadriven.FD_DataDrivenTestCases -->
