<?xml version="1.0" encoding="UTF-8"?>
<!-- Generated by org.testng.reporters.JUnitReportReporter -->
<testsuite skipped="0" hostname="DESKTOP-P32QBNC" name="com.seleniumtest.tesNG.HardAssertCode" tests="2" failures="0" timestamp="2021-04-08T17:25:44 IST" time="9.160" errors="0">
  <testcase name="LogoutTest" time="1.462" classname="com.seleniumtest.tesNG.HardAssertCode"/>
  <system-out/>
  <testcase name="LoginTest" time="7.698" classname="com.seleniumtest.tesNG.HardAssertCode"/>
  <system-out/>
</testsuite> <!-- com.seleniumtest.tesNG.HardAssertCode -->
