<?xml version="1.0" encoding="UTF-8"?>
<!-- Generated by org.testng.reporters.JUnitReportReporter -->
<testsuite skipped="0" hostname="DESKTOP-P32QBNC" name="com.assignment2.asert.NewTest" tests="1" failures="0" timestamp="2021-04-08T17:24:00 IST" time="3.138" errors="0">
  <testcase name="f" time="3.138" classname="com.assignment2.asert.NewTest"/>
  <system-out/>
</testsuite> <!-- com.assignment2.asert.NewTest -->
