<?xml version="1.0" encoding="UTF-8"?>
<!-- Generated by org.testng.reporters.JUnitReportReporter -->
<testsuite skipped="0" hostname="DESKTOP-P32QBNC" name="com.seleniumtest.tesNG.ScientificCalculator" tests="2" failures="0" timestamp="2021-04-10T16:25:19 IST" time="5.043" errors="0">
  <testcase name="calculatorLabels" time="1.588" classname="com.seleniumtest.tesNG.ScientificCalculator"/>
  <system-out/>
  <testcase name="calculatorOp" time="3.455" classname="com.seleniumtest.tesNG.ScientificCalculator"/>
  <system-out/>
</testsuite> <!-- com.seleniumtest.tesNG.ScientificCalculator -->
