<?xml version="1.0" encoding="UTF-8"?>
<!-- Generated by org.testng.reporters.JUnitReportReporter -->
<testsuite skipped="0" hostname="DESKTOP-P32QBNC" name="com.assignment2.asert.VerifyPolicyx" tests="1" failures="0" timestamp="2021-04-10T20:16:31 IST" time="6.968" errors="0">
  <testcase name="checkLabel" time="6.968" classname="com.assignment2.asert.VerifyPolicyx"/>
  <system-out/>
</testsuite> <!-- com.assignment2.asert.VerifyPolicyx -->
