<?xml version="1.0" encoding="UTF-8"?>
<!-- Generated by org.testng.reporters.JUnitReportReporter -->
<testsuite skipped="0" hostname="DESKTOP-P32QBNC" name="com.assignment2.asert.TestCondiumDev" tests="1" failures="0" timestamp="2021-04-11T15:29:11 IST" time="11.034" errors="0">
  <testcase name="pageLabel" time="11.034" classname="com.assignment2.asert.TestCondiumDev"/>
  <system-out/>
</testsuite> <!-- com.assignment2.asert.TestCondiumDev -->
