<?xml version="1.0" encoding="UTF-8"?>
<!-- Generated by org.testng.reporters.JUnitReportReporter -->
<testsuite skipped="0" hostname="DESKTOP-P32QBNC" name="com.seleniumtest.tesNG.NewTest" tests="1" failures="0" timestamp="2021-05-16T16:36:55 IST" time="8.939" errors="0">
  <testcase name="LoginM1" time="8.939" classname="com.seleniumtest.tesNG.NewTest"/>
  <system-out>
Mutual login successful  </system-out>
</testsuite> <!-- com.seleniumtest.tesNG.NewTest -->
