<?xml version="1.0" encoding="UTF-8"?>
<!-- Generated by org.testng.reporters.JUnitReportReporter -->
<testsuite skipped="0" hostname="DESKTOP-P32QBNC" name="com.assignment.pageObjectTest.FixedDepositTestCaseExtentReport" tests="3" failures="0" timestamp="2021-05-03T17:36:10 IST" time="151.619" errors="0">
  <testcase name="fd_100000" time="109.397" classname="com.assignment.pageObjectTest.FixedDepositTestCaseExtentReport"/>
  <system-out/>
  <testcase name="fd_200000" time="33.379" classname="com.assignment.pageObjectTest.FixedDepositTestCaseExtentReport"/>
  <system-out/>
  <testcase name="fd_300000" time="8.843" classname="com.assignment.pageObjectTest.FixedDepositTestCaseExtentReport"/>
  <system-out/>
</testsuite> <!-- com.assignment.pageObjectTest.FixedDepositTestCaseExtentReport -->
