<?xml version="1.0" encoding="UTF-8"?>
<!-- Generated by org.testng.reporters.JUnitReportReporter -->
<testsuite skipped="0" hostname="DESKTOP-P32QBNC" name="com.assignment.pageObjectTest.SuperCalculatorTest" tests="2" failures="0" timestamp="2021-04-30T13:48:03 IST" time="22.922" errors="0">
  <testcase name="addition" time="22.922" classname="com.assignment.pageObjectTest.SuperCalculatorTest"/>
  <system-out/>
  <testcase name="subtraction" time="0.000" classname="com.assignment.pageObjectTest.SuperCalculatorTest"/>
  <system-out/>
</testsuite> <!-- com.assignment.pageObjectTest.SuperCalculatorTest -->
