<?xml version="1.0" encoding="UTF-8"?>
<!-- Generated by org.testng.reporters.JUnitReportReporter -->
<testsuite skipped="0" hostname="DESKTOP-P32QBNC" name="com.selenium.datadriven.FD_DataProvider" tests="4" failures="0" timestamp="2021-05-02T18:12:44 IST" time="87.967" errors="0">
  <testcase name="fd_100000" time="70.881" classname="com.selenium.datadriven.FD_DataProvider"/>
  <system-out/>
  <testcase name="fd_100000" time="5.607" classname="com.selenium.datadriven.FD_DataProvider"/>
  <system-out/>
  <testcase name="fd_100000" time="6.020" classname="com.selenium.datadriven.FD_DataProvider"/>
  <system-out/>
  <testcase name="fd_100000" time="5.459" classname="com.selenium.datadriven.FD_DataProvider"/>
  <system-out/>
</testsuite> <!-- com.selenium.datadriven.FD_DataProvider -->
