<?xml version="1.0" encoding="UTF-8"?>
<!-- Generated by org.testng.reporters.JUnitReportReporter -->
<testsuite skipped="0" hostname="DESKTOP-P32QBNC" name="com.seleniumtest.tesNG.NewTest" tests="1" failures="0" timestamp="2021-04-04T16:03:07 IST" time="6.755" errors="0">
  <testcase name="LoginM1" time="6.755" classname="com.seleniumtest.tesNG.NewTest"/>
  <system-out/>
</testsuite> <!-- com.seleniumtest.tesNG.NewTest -->
