<?xml version="1.0" encoding="UTF-8"?>
<!-- Generated by org.testng.reporters.JUnitReportReporter -->
<testsuite skipped="0" hostname="DESKTOP-P32QBNC" name="com.seleniumtest.tesNG.SoftAsserCode" tests="2" failures="0" timestamp="2021-04-04T17:53:53 IST" time="6.504" errors="0">
  <testcase name="LoginTest" time="5.078" classname="com.seleniumtest.tesNG.SoftAsserCode"/>
  <system-out/>
  <testcase name="LogoutTest" time="1.426" classname="com.seleniumtest.tesNG.SoftAsserCode"/>
  <system-out/>
</testsuite> <!-- com.seleniumtest.tesNG.SoftAsserCode -->
