<?xml version="1.0" encoding="UTF-8"?>
<!-- Generated by org.testng.reporters.JUnitReportReporter -->
<testsuite skipped="1" hostname="DESKTOP-P32QBNC" name="com.seleniumtest.tesNG.SampleTest1" tests="4" failures="0" timestamp="2021-04-04T15:53:27 IST" time="0.010" errors="0">
  <testcase name="m1" time="0.003" classname="com.seleniumtest.tesNG.SampleTest1"/>
  <system-out/>
  <testcase name="m3" time="0.006" classname="com.seleniumtest.tesNG.SampleTest1"/>
  <system-out/>
  <testcase name="m4" time="0.001" classname="com.seleniumtest.tesNG.SampleTest1"/>
  <system-out/>
  <testcase name="m2" classname="com.seleniumtest.tesNG.SampleTest1">
    <skipped/>
  </testcase> <!-- m2 -->
  <system-out/>
</testsuite> <!-- com.seleniumtest.tesNG.SampleTest1 -->
