<?xml version="1.0" encoding="UTF-8"?>
<!-- Generated by org.testng.reporters.JUnitReportReporter -->
<testsuite skipped="0" hostname="DESKTOP-P32QBNC" name="com.seleniumtest.tesNG.LoginHRM" tests="1" failures="0" timestamp="2021-05-19T10:28:10 IST" time="8.232" errors="0">
  <testcase name="Login" time="8.232" classname="com.seleniumtest.tesNG.LoginHRM"/>
  <system-out/>
</testsuite> <!-- com.seleniumtest.tesNG.LoginHRM -->
