<?xml version="1.0" encoding="UTF-8"?>
<!-- Generated by org.testng.reporters.JUnitReportReporter -->
<testsuite skipped="0" hostname="DESKTOP-P32QBNC" name="com.assignment2.asert.VerifyCalculator" tests="3" failures="0" timestamp="2021-04-13T22:16:31 IST" time="12.001" errors="0">
  <testcase name="test1" time="4.644" classname="com.assignment2.asert.VerifyCalculator"/>
  <system-out/>
  <testcase name="test2" time="3.802" classname="com.assignment2.asert.VerifyCalculator"/>
  <system-out/>
  <testcase name="test3" time="3.555" classname="com.assignment2.asert.VerifyCalculator"/>
  <system-out/>
</testsuite> <!-- com.assignment2.asert.VerifyCalculator -->
