<?xml version="1.0" encoding="UTF-8"?>
<!-- Generated by org.testng.reporters.JUnitReportReporter -->
<testsuite skipped="0" hostname="DESKTOP-P32QBNC" name="com.seleniumtest.tesNG.CssLocator" tests="1" failures="0" timestamp="2021-04-10T16:58:25 IST" time="13.250" errors="0">
  <testcase name="cssMethods" time="13.250" classname="com.seleniumtest.tesNG.CssLocator"/>
  <system-out/>
</testsuite> <!-- com.seleniumtest.tesNG.CssLocator -->
