<?xml version="1.0" encoding="UTF-8"?>
<!-- Generated by org.testng.reporters.JUnitReportReporter -->
<testsuite skipped="0" hostname="DESKTOP-P32QBNC" name="com.assignment2.asert.VerifyBlazeDemo" tests="4" failures="0" timestamp="2021-04-17T14:57:00 IST" time="23.101" errors="0">
  <testcase name="getPageTitle" time="4.143" classname="com.assignment2.asert.VerifyBlazeDemo"/>
  <system-out/>
  <testcase name="loginLabel" time="1.680" classname="com.assignment2.asert.VerifyBlazeDemo"/>
  <system-out/>
  <testcase name="verifyFirstFlight" time="7.362" classname="com.assignment2.asert.VerifyBlazeDemo"/>
  <system-out/>
  <testcase name="purchaseFlightForm" time="9.916" classname="com.assignment2.asert.VerifyBlazeDemo"/>
  <system-out/>
</testsuite> <!-- com.assignment2.asert.VerifyBlazeDemo -->
