<?xml version="1.0" encoding="UTF-8"?>
<!-- Generated by org.testng.reporters.JUnitReportReporter -->
<testsuite skipped="0" hostname="DESKTOP-P32QBNC" name="com.selenium.datadriven.FD_DataDriven" tests="1" failures="0" timestamp="2021-05-08T14:48:34 IST" time="32.609" errors="0">
  <testcase name="fd_DataDriven" time="32.609" classname="com.selenium.datadriven.FD_DataDriven"/>
  <system-out/>
</testsuite> <!-- com.selenium.datadriven.FD_DataDriven -->
