<?xml version="1.0" encoding="UTF-8"?>
<!-- Generated by org.testng.reporters.JUnitReportReporter -->
<testsuite skipped="0" hostname="DESKTOP-P32QBNC" name="com.selenium.pageObjectTestCases.FixedDepositeTestCases" tests="1" failures="0" timestamp="2021-04-25T14:01:34 IST" time="25.878" errors="0">
  <testcase name="calculateFD_100000" time="25.878" classname="com.selenium.pageObjectTestCases.FixedDepositeTestCases"/>
  <system-out/>
</testsuite> <!-- com.selenium.pageObjectTestCases.FixedDepositeTestCases -->
