<?xml version="1.0" encoding="UTF-8"?>
<!-- Generated by org.testng.reporters.JUnitReportReporter -->
<testsuite skipped="0" hostname="DESKTOP-P32QBNC" name="com.assignment2.asert.Insurance_Login" tests="2" failures="0" timestamp="2021-04-28T21:47:49 IST" time="10.067" errors="0">
  <testcase name="verifyLogin" time="8.455" classname="com.assignment2.asert.Insurance_Login"/>
  <system-out/>
  <testcase name="verifyServiceDetails" time="1.612" classname="com.assignment2.asert.Insurance_Login"/>
  <system-out/>
</testsuite> <!-- com.assignment2.asert.Insurance_Login -->
